TN:
SF:src/MultiSigWallet.sol
DA:34,1
FN:34,MultiSigWallet.onlyOwner
FNDA:1,MultiSigWallet.onlyOwner
DA:35,1
BRDA:35,0,0,-
BRDA:35,0,1,4
DA:39,1
FN:39,MultiSigWallet.txExists
FNDA:1,MultiSigWallet.txExists
DA:40,1
BRDA:40,1,0,-
BRDA:40,1,1,4
DA:44,1
FN:44,MultiSigWallet.notExecuted
FNDA:1,MultiSigWallet.notExecuted
DA:45,1
BRDA:45,2,0,1
BRDA:45,2,1,3
DA:49,9
FN:49,MultiSigWallet.constructor
FNDA:9,MultiSigWallet.constructor
DA:50,9
BRDA:50,3,0,-
BRDA:50,3,1,9
DA:51,9
BRDA:51,4,0,-
BRDA:51,4,1,9
DA:52,9
BRDA:52,5,0,-
BRDA:52,5,1,9
DA:53,9
DA:54,27
BRDA:54,6,0,-
BRDA:54,6,1,27
DA:55,27
BRDA:55,7,0,-
BRDA:55,7,1,27
DA:56,27
DA:57,27
DA:59,9
DA:62,8
FN:62,MultiSigWallet.submitTransaction
FNDA:8,MultiSigWallet.submitTransaction
DA:67,7
DA:70,7
DA:71,7
DA:72,7
DA:75,4
FN:75,MultiSigWallet.confirmTransaction
FNDA:4,MultiSigWallet.confirmTransaction
DA:78,4
BRDA:78,8,0,1
BRDA:78,8,1,3
DA:80,3
DA:81,3
DA:84,1
FN:84,MultiSigWallet.revokeConfirmation
FNDA:1,MultiSigWallet.revokeConfirmation
DA:87,1
BRDA:87,9,0,-
BRDA:87,9,1,1
DA:89,1
DA:91,1
DA:94,4
FN:94,MultiSigWallet.executeTransaction
FNDA:4,MultiSigWallet.executeTransaction
DA:97,3
DA:98,3
DA:99,5
BRDA:99,10,0,5
DA:100,5
DA:103,3
BRDA:103,11,0,1
BRDA:103,11,1,2
DA:105,2
DA:106,2
DA:107,2
DA:108,2
BRDA:108,12,0,-
BRDA:108,12,1,2
DA:110,2
DA:113,0
FN:113,MultiSigWallet.receive
FNDA:0,MultiSigWallet.receive
DA:114,0
DA:117,4
FN:117,MultiSigWallet.getOwners
FNDA:4,MultiSigWallet.getOwners
DA:118,4
DA:121,1
FN:121,MultiSigWallet.getTransactionCount
FNDA:1,MultiSigWallet.getTransactionCount
DA:122,1
DA:125,0
FN:125,MultiSigWallet.getTransaction
FNDA:0,MultiSigWallet.getTransaction
DA:132,0
DA:134,0
FNF:12
FNH:10
LF:49
LH:44
BRF:25
BRH:16
end_of_record
